[13:23:04] [Server thread/INFO]: Starting minecraft server version 1.7.10
[13:23:42] [Server thread/INFO]: Loading properties
[13:23:42] [Server thread/INFO]: Default game type: SURVIVAL
[13:23:42] [Server thread/INFO]: Generating keypair
[13:23:42] [Server thread/INFO]: Starting Minecraft server on *:25565
[13:24:38] [Server thread/INFO]: Preparing level "World"
[13:24:38] [Server thread/WARN]: Unable to find spawn biome
[13:24:40] [Server thread/INFO]: Preparing start region for level 0
[13:24:41] [Server thread/INFO]: Preparing spawn area: 8%
[13:24:42] [Server thread/INFO]: Preparing spawn area: 22%
[13:24:43] [Server thread/INFO]: Preparing spawn area: 40%
[13:24:44] [Server thread/INFO]: Preparing spawn area: 58%
[13:24:45] [Server thread/INFO]: Preparing spawn area: 77%
[13:24:46] [Server thread/INFO]: Preparing spawn area: 98%
[13:24:46] [Server thread/INFO]: Done (8.579s)! For help, type "help" or "?"
[13:24:52] [Server thread/INFO]: Reloaded default quest database
[13:26:58] [Server thread/WARN]: Can't keep up! Did the system time change, or is the server overloaded? Running 36560ms behind, skipping 731 tick(s)
[13:27:05] [Server thread/INFO]: Unknown command. Try /help for a list of commands
[13:27:09] [Server thread/INFO]: You must specify which player you wish to perform this action on.
[13:27:15] [Server thread/INFO]: You must specify which player you wish to perform this action on.
[13:27:20] [Server thread/INFO]: Unknown command. Try /help for a list of commands
[13:27:20] [Server thread/INFO]: You must specify which player you wish to perform this action on.
[13:27:28] [Server thread/INFO]: You must specify which player you wish to perform this action on.
[13:27:34] [Server thread/INFO]: You must specify which player you wish to perform this action on.
[13:27:37] [Server thread/INFO]: You must specify which player you wish to perform this action on.
[13:27:41] [Server thread/INFO]: There are 0/20 players online:
[13:27:41] [Server thread/INFO]: 
[13:27:50] [Server thread/INFO]: Unknown command. Try /help for a list of commands
[13:27:53] [Server thread/INFO]: You must specify which player you wish to perform this action on.
[13:28:00] [Server Shutdown Thread/INFO]: Stopping server
